<?xml version="1.0" encoding="UTF-8"?>
<!-- Generated by org.testng.reporters.JUnitReportReporter -->
<testsuite hostname="E0881240" failures="0" tests="1" name="tests.Chatbot.Roaming" time="105.964" errors="0" timestamp="2022-02-17T11:31:23 EET" skipped="0">
  <testcase classname="tests.Chatbot.Roaming" name="RoamingPartis" time="105.964"/>
  <system-out/>
</testsuite> <!-- tests.Chatbot.Roaming -->
