<?xml version="1.0" encoding="UTF-8"?>
<!-- Generated by org.testng.reporters.JUnitReportReporter -->
<testsuite hostname="E0881240" failures="0" tests="1" name="tests.Chatbot.Averias" time="102.817" errors="0" timestamp="2022-02-16T11:35:53 EET" skipped="0">
  <testcase classname="tests.Chatbot.Averias" name="Averias" time="102.817"/>
  <system-out/>
</testsuite> <!-- tests.Chatbot.Averias -->
