<?xml version="1.0" encoding="UTF-8"?>
<!-- Generated by org.testng.reporters.JUnitReportReporter -->
<testsuite hostname="E0881240" failures="0" tests="1" name="tests.Chatbot.ConsultasTV" time="102.984" errors="0" timestamp="2022-02-17T10:50:07 EET" skipped="0">
  <testcase classname="tests.Chatbot.ConsultasTV" name="MandoTele" time="102.984"/>
  <system-out/>
</testsuite> <!-- tests.Chatbot.ConsultasTV -->
