<?xml version="1.0" encoding="UTF-8"?>
<!-- Generated by org.testng.reporters.JUnitReportReporter -->
<testsuite hostname="E0881240" failures="0" tests="1" name="tests.Chatbot.ReparaciónTerminal" time="127.376" errors="0" timestamp="2022-02-17T11:34:45 EET" skipped="0">
  <testcase classname="tests.Chatbot.ReparaciónTerminal" name="TestTobiSpain" time="127.376"/>
  <system-out/>
</testsuite> <!-- tests.Chatbot.ReparaciónTerminal -->
