<?xml version="1.0" encoding="UTF-8"?>
<!-- Generated by org.testng.reporters.JUnitReportReporter -->
<testsuite hostname="E0881240" failures="0" tests="1" name="tests.Chatbot.Prepagos" time="112.532" errors="0" timestamp="2022-02-17T11:27:44 EET" skipped="0">
  <testcase classname="tests.Chatbot.Prepagos" name="PrepagoQTC" time="112.532"/>
  <system-out/>
</testsuite> <!-- tests.Chatbot.Prepagos -->
